
<<< final original >>>
1:
	orderNum	= 1
	comment		= Null order - check default behaviors.
	endOfOrder
  <>Unknown plastic || defaulting to 'ABS'.
  <>No size specified, defaulting to 100.
  <>Unknown packager || defaulting to 'None'.
  Setup injection line for 100 order:
    IJM_110 - Aluminum(1) - Linear conveyer belt - CardboardBox.
  Process order:
    <>Unknown mold || defaulting to 'duck'.
    <>Can't find place || to get |duck| mold from with || finish, defaulting to smooth duck from inventory.
    Insert tags [] of width 0/20 mm, blank tag is 20 mm.
    Load plastic bin with ABS.
      Recipe: ABS(35) = 35 cc.
      Volume: duck(35) * 1 cavity = 35 cc.
    Cycle IJM_110 for ABS 100 times, estimated run time = 1 hour.
      Close - mix - heat to 440 - inject at 125 PSI - cool to 360 - separate - progressive eject.
      Whenever CardboardBox package bin was full...
        IJM_110 paused while CardboardBox package bin was swapped.
        Linear conveyer belt paused while CardboardBox package bin was swapped.
    Clean ABS mold: soak in alcohol, rinse with water, dry.
~ABS
~LinearBelt ~ConveyerBelt ~observer::BinObserver
~Aluminum ~Mold
~IJM_110 ~IJM ~observer::BinObserver
~CardboardBox ~PackageBin ~observer::BinSubject
 BinObservers left to process (should be zero) = 0.
~PilotOrder ~abstract_factory::InjectionLine
~Duck ~bridge::Shape ~HighCarbon ~bridge::Platform
~Inventory ~SisterCompany ~Mill ~CofR::GetMold ~CofR::GetMold ~CofR::GetMold ~CofR::GetMold 
~Plastic ~dec::Polymer 
~Blank ~dec::Cavity 
~BackOfTheEnvelope ~strategy::RuntimeEstimate
~ABS ~legacy_classes::CleanABS ~adapter::CleanMold
~template_method::ProcessOrder
2:
	orderNum	= 2
	comment		= Example order - one of everything.
	size		= 10000
	mold		= duck
	color		= red
	plastic		= ABS
	moldLoc		= inventory
	tags		= ModelNumber
	UVInhibiter	= 2
	packager	= Bulk
	endOfOrder
  Setup injection line for 10000 order:
    IJM_110 - Aluminum(1) - Linear conveyer belt - CardboardBox.
  Process order:
    Pull duck mold from inventory.
    Insert tags [ModelNumber] of width 2/20 mm, blank tag is 18 mm.
    Load plastic bin with ABS and color bin with red.
      Recipe: ABS(30) red(3) UVInhibiter(2) = 35 cc.
      Volume: duck(35) * 1 cavity = 35 cc.
    Cycle IJM_110 for ABS 10000 times, estimated run time = 166 hours.
      Close - mix - heat to 440 - inject at 125 PSI - cool to 360 - separate - progressive eject.
      Whenever CardboardBox package bin was full...
        IJM_110 paused while CardboardBox package bin was swapped.
        Linear conveyer belt paused while CardboardBox package bin was swapped.
    Clean ABS mold: soak in alcohol, rinse with water, dry.
~ABS
~LinearBelt ~ConveyerBelt ~observer::BinObserver
~Aluminum ~Mold
~IJM_110 ~IJM ~observer::BinObserver
~CardboardBox ~PackageBin ~observer::BinSubject
 BinObservers left to process (should be zero) = 0.
~PilotOrder ~abstract_factory::InjectionLine
~Duck ~bridge::Shape ~HighCarbon ~bridge::Platform
~Inventory ~SisterCompany ~Mill ~CofR::GetMold ~CofR::GetMold ~CofR::GetMold ~CofR::GetMold 
~UVInhibiter ~Additive ~Plastic ~dec::Polymer ~dec::Polymer 
~ModelNumber ~Tags ~Blank ~dec::Cavity ~dec::Cavity 
~BackOfTheEnvelope ~strategy::RuntimeEstimate
~ABS ~legacy_classes::CleanABS ~adapter::CleanMold
~template_method::ProcessOrder
3:
	orderNum		= 3
	comment			= Max order - next of singles, all of everything else (orig secs).
	size			= 20000
	mold			= car
	color			= orange
	plastic			= Polypropylene
	moldLoc			= mill
	finish			= smooth
	tags			= ModelNumber Country Date
	UVInhibiter		= 2
	AntiBacterial	= 1
	Hydrophilic		= 2
	packager		= ShrinkWrap
	endOfOrder
  Setup injection line for 20000 order with ShrinkWrap packager:
    IJM_120 - Aluminum(2) - Y-Split conveyer belt - ShellBox.
  Process order:
    Create car mold from mill with 2 cavities - steps: D2C8D1G3.
      using HighCarbon tools (drill, cut, and high speed grind) to mill aluminum block into 2 car shapes with smooth finish.
    Insert tags [ModelNumber Country Date] of width 6/20 mm, blank tag is 14 mm.
    Load plastic bin with Polypropylene and color bin with orange.
      Recipe: Polypropylene(31) orange(4) UVInhibiter(2) AntiBacterial(1) Hydrophilic(2) = 40 cc.
      Volume: car(40) * 2 cavities = 80 cc.
    Cycle IJM_120 for Polypropylene 10000 times, estimated run time = 61 hours.
      Close - mix - heat to 350 - inject at 90 PSI - cool to 290 - separate - smooth eject.
      Whenever ShellBox package bin was full...
        IJM_120 paused while ShellBox package bin was swapped.
        Y-Split conveyer belt paused while ShellBox package bin was swapped.
        Shrink wrap packager paused while ShellBox package bin was swapped.
    Clean Poly mold: rinse with acetone, dry.
~Poly
~ShrinkWrap ~factory_method::Packager ~observer::BinObserver
~YSplitBelt ~ConveyerBelt ~observer::BinObserver
~Aluminum ~Mold
~IJM_120 ~IJM ~observer::BinObserver
~ShellBox ~PackageBin ~observer::BinSubject
 BinObservers left to process (should be zero) = 0.
~SmallOrder ~abstract_factory::InjectionLine
~Car ~bridge::Shape ~HighCarbon ~bridge::Platform
~Inventory ~SisterCompany ~Mill ~CofR::GetMold ~CofR::GetMold ~CofR::GetMold ~CofR::GetMold 
~Hydrophilic ~Additive ~AntiBacterial ~Additive ~UVInhibiter ~Additive ~Plastic ~dec::Polymer ~dec::Polymer ~dec::Polymer ~dec::Polymer 
~Date ~Tags ~Country ~Tags ~ModelNumber ~Tags ~Blank ~dec::Cavity ~dec::Cavity ~dec::Cavity ~dec::Cavity 
~Calculation ~strategy::RuntimeEstimate
~Poly ~legacy_classes::CleanPolys ~adapter::CleanMold
~template_method::ProcessOrder
4:
	orderNum	= 4
	comment		= Next of singles or last.
	size		= 50000
	mold		= hero
	color		= yellow
	plastic		= Polyethelene
	moldLoc		= mill
	finish		= rippled
	packager	= HardPack
	endOfOrder
  Setup injection line for 50000 order with HardPack packager:
    IJM_210 - Steel(1) - Linear conveyer belt - PalletBox.
  Process order:
    Create hero mold from mill with 1 cavities - steps: D1C1D1G7.
      using Carbide tools (high speed drill, cross cut, and layer grind) to mill steel block into 1 hero shape with rippled finish.
    Insert tags [] of width 0/20 mm, blank tag is 20 mm.
    Load plastic bin with Polyethelene and color bin with yellow.
      Recipe: Polyethelene(45) yellow(5) = 50 cc.
      Volume: hero(50) * 1 cavity = 50 cc.
    Cycle IJM_210 for Polyethelene 50000 times, estimated run time = 419 hours.
      Close - mix - heat to 350 - inject at 90 PSI - cool to 290 - separate - smooth eject.
      Whenever PalletBox package bin was full...
        IJM_210 paused while PalletBox package bin was swapped.
        Linear conveyer belt paused while PalletBox package bin was swapped.
        Hard pack packager paused while PalletBox package bin was swapped.
    Clean Poly mold: rinse with acetone, dry.
~Poly
~HardPack ~factory_method::Packager ~observer::BinObserver
~LinearBelt ~ConveyerBelt ~observer::BinObserver
~Steel ~Mold
~IJM_210 ~IJM ~observer::BinObserver
~PalletBox ~PackageBin ~observer::BinSubject
 BinObservers left to process (should be zero) = 0.
~MediumOrder ~abstract_factory::InjectionLine
~Hero ~bridge::Shape ~Carbide ~bridge::Platform
~Inventory ~SisterCompany ~Mill ~CofR::GetMold ~CofR::GetMold ~CofR::GetMold ~CofR::GetMold 
~Plastic ~dec::Polymer 
~Blank ~dec::Cavity 
~Historical ~strategy::RuntimeEstimate
~Poly ~legacy_classes::CleanPolys ~adapter::CleanMold
~template_method::ProcessOrder
5:
	orderNum	= 5
	comment		= Next of singles or last.
	size		= 50000
	mold		= hero
	color		= green
	plastic		= PET
	moldLoc		= mill
	finish		= dimpled
	packager	= HardPack
	endOfOrder
  Setup injection line for 50000 order with HardPack packager:
    IJM_210 - Steel(1) - Linear conveyer belt - PalletBox.
  Process order:
    Create hero mold from mill with 1 cavities - steps: D1C1D1G7.
      using DiamondTipped tools (precision drill, oil cooled cut, and cartoid grind) to mill steel block into 1 hero shape with dimpled finish.
    Insert tags [] of width 0/20 mm, blank tag is 20 mm.
    Load plastic bin with PET and color bin with green.
      Recipe: PET(45) green(5) = 50 cc.
      Volume: hero(50) * 1 cavity = 50 cc.
    Cycle IJM_210 for PET 50000 times, estimated run time = 419 hours.
      Close - mix - heat to 404 - inject at 110 PSI - cool to 340 - separate - smooth eject.
      Whenever PalletBox package bin was full...
        IJM_210 paused while PalletBox package bin was swapped.
        Linear conveyer belt paused while PalletBox package bin was swapped.
        Hard pack packager paused while PalletBox package bin was swapped.
    Clean PET steel mold: heat to 895 C.
~PET
~HardPack ~factory_method::Packager ~observer::BinObserver
~LinearBelt ~ConveyerBelt ~observer::BinObserver
~Steel ~Mold
~IJM_210 ~IJM ~observer::BinObserver
~PalletBox ~PackageBin ~observer::BinSubject
 BinObservers left to process (should be zero) = 0.
~MediumOrder ~abstract_factory::InjectionLine
~Hero ~bridge::Shape ~DiamondTipped ~bridge::Platform
~Inventory ~SisterCompany ~Mill ~CofR::GetMold ~CofR::GetMold ~CofR::GetMold ~CofR::GetMold 
~Plastic ~dec::Polymer 
~Blank ~dec::Cavity 
~Historical ~strategy::RuntimeEstimate
~PET ~legacy_classes::PETCleanup ~adapter::CleanMold
~template_method::ProcessOrder
6:
	orderNum	= 6
	comment		= New Specs: new singles, all of new groups.
	size		= 40000
	mold		= dino
	color		= blue
	plastic		= PET
	moldLoc		= sisterCompany
	tags		= IncCounter PartNumber RecycleCode
	MicroFibers	= 3
	packager	= ZipLock
	stuffer		= Air
	address		= MegaCorp, 1 Apple, Santa Clara, CA 92200
	endOfOrder
  <>Unknown packager |ZipLock| defaulting to 'None'.
  Setup injection line for 40000 order:
    IJM_210 - Steel(1) - Linear conveyer belt - PalletBox.
  Process order:
    <>Unknown metal |steel| or finish ||. Defaulting to steel and smooth with HighCarbon platform.
    <>Unknown mold |dino| defaulting to 'duck'.
    Borrow duck mold from sister company.
Ignoring unknown tag IncCounter.
Ignoring unknown tag PartNumber.
Ignoring unknown tag RecycleCode.
    Insert tags [] of width 0/20 mm, blank tag is 20 mm.
    Load plastic bin with PET and color bin with blue.
      Recipe: PET(32) blue(3) = 35 cc.
      Volume: duck(35) * 1 cavity = 35 cc.
    Cycle IJM_210 for PET 40000 times, estimated run time = 313 hours.
      Close - mix - heat to 404 - inject at 110 PSI - cool to 340 - separate - smooth eject.
      Whenever PalletBox package bin was full...
        IJM_210 paused while PalletBox package bin was swapped.
        Linear conveyer belt paused while PalletBox package bin was swapped.
    Clean PET steel mold: heat to 895 C.
~PET
~LinearBelt ~ConveyerBelt ~observer::BinObserver
~Steel ~Mold
~IJM_210 ~IJM ~observer::BinObserver
~PalletBox ~PackageBin ~observer::BinSubject
 BinObservers left to process (should be zero) = 0.
~MediumOrder ~abstract_factory::InjectionLine
~Duck ~bridge::Shape ~HighCarbon ~bridge::Platform
~Inventory ~SisterCompany ~Mill ~CofR::GetMold ~CofR::GetMold ~CofR::GetMold ~CofR::GetMold 
~Plastic ~dec::Polymer 
~Blank ~dec::Cavity 
~Historical ~strategy::RuntimeEstimate
~PET ~legacy_classes::PETCleanup ~adapter::CleanMold
~template_method::ProcessOrder
7:
	orderNum	= 7
	comment		= New Specs: next singles, or last.
	size		= 100000
	mold		= dino
	color		= violet
	plastic		= Styrene
	moldLoc		= purchase
	finish		= sanded
	packager	= ZipLock
	stuffer		= Popcorn
	address		= Anytown, CA
	endOfOrder
  <>Unknown plastic |Styrene| defaulting to 'ABS'.
  <>Size exceeds mold lifetime |100000| defaulting to MediumOrder of 50000.
  <>Unknown packager |ZipLock| defaulting to 'None'.
  Setup injection line for 50000 order:
    IJM_210 - Steel(1) - Linear conveyer belt - PalletBox.
  Process order:
    <>Unknown metal |steel| or finish |sanded|. Defaulting to steel and smooth with HighCarbon platform.
    <>Unknown mold |dino| defaulting to 'duck'.
    <>Can't find place |purchase| to get |duck| mold from with |smooth| finish, defaulting to smooth duck from inventory.
    Insert tags [] of width 0/20 mm, blank tag is 20 mm.
    Load plastic bin with ABS and color bin with violet.
      Recipe: ABS(32) violet(3) = 35 cc.
      Volume: duck(35) * 1 cavity = 35 cc.
    Cycle IJM_210 for ABS 50000 times, estimated run time = 391 hours.
      Close - mix - heat to 440 - inject at 125 PSI - cool to 360 - separate - progressive eject.
      Whenever PalletBox package bin was full...
        IJM_210 paused while PalletBox package bin was swapped.
        Linear conveyer belt paused while PalletBox package bin was swapped.
    Clean ABS mold: soak in alcohol, rinse with water, dry.
~ABS
~LinearBelt ~ConveyerBelt ~observer::BinObserver
~Steel ~Mold
~IJM_210 ~IJM ~observer::BinObserver
~PalletBox ~PackageBin ~observer::BinSubject
 BinObservers left to process (should be zero) = 0.
~MediumOrder ~abstract_factory::InjectionLine
~Duck ~bridge::Shape ~HighCarbon ~bridge::Platform
~Inventory ~SisterCompany ~Mill ~CofR::GetMold ~CofR::GetMold ~CofR::GetMold ~CofR::GetMold 
~Plastic ~dec::Polymer 
~Blank ~dec::Cavity 
~Historical ~strategy::RuntimeEstimate
~ABS ~legacy_classes::CleanABS ~adapter::CleanMold
~template_method::ProcessOrder
8:
	orderNum	= 8
	comment		= New Specs: next singles, or last.
	size		= 200000
	mold		= dino
	color		= gray
	plastic		= Nylon66
	moldLoc		= mill
	finish		= sanded
	packager	= ZipLock
	stuffer		= Bubblewrap
	address		= Wherever, USA
	endOfOrder
  <>Unknown plastic |Nylon66| defaulting to 'ABS'.
  <>Size exceeds mold lifetime |200000| defaulting to MediumOrder of 50000.
  <>Unknown packager |ZipLock| defaulting to 'None'.
  Setup injection line for 50000 order:
    IJM_210 - Steel(1) - Linear conveyer belt - PalletBox.
  Process order:
    <>Unknown metal |steel| or finish |sanded|. Defaulting to steel and smooth with HighCarbon platform.
    <>Unknown mold |dino| defaulting to 'duck'.
    Create duck mold from mill with 1 cavities - steps: D2C4G1.
      using HighCarbon tools (drill, cut, and high speed grind) to mill steel block into 1 duck shape with smooth finish.
    Insert tags [] of width 0/20 mm, blank tag is 20 mm.
    Load plastic bin with ABS and color bin with gray.
      Recipe: ABS(32) gray(3) = 35 cc.
      Volume: duck(35) * 1 cavity = 35 cc.
    Cycle IJM_210 for ABS 50000 times, estimated run time = 391 hours.
      Close - mix - heat to 440 - inject at 125 PSI - cool to 360 - separate - progressive eject.
      Whenever PalletBox package bin was full...
        IJM_210 paused while PalletBox package bin was swapped.
        Linear conveyer belt paused while PalletBox package bin was swapped.
    Clean ABS mold: soak in alcohol, rinse with water, dry.
~ABS
~LinearBelt ~ConveyerBelt ~observer::BinObserver
~Steel ~Mold
~IJM_210 ~IJM ~observer::BinObserver
~PalletBox ~PackageBin ~observer::BinSubject
 BinObservers left to process (should be zero) = 0.
~MediumOrder ~abstract_factory::InjectionLine
~Duck ~bridge::Shape ~HighCarbon ~bridge::Platform
~Inventory ~SisterCompany ~Mill ~CofR::GetMold ~CofR::GetMold ~CofR::GetMold ~CofR::GetMold 
~Plastic ~dec::Polymer 
~Blank ~dec::Cavity 
~Historical ~strategy::RuntimeEstimate
~ABS ~legacy_classes::CleanABS ~adapter::CleanMold
~template_method::ProcessOrder
9:
	orderNum		= 9
	comment			= New Specs: max out, mill or last.
	size			= 400000
	mold			= dino
	color			= white
	plastic			= Nylon66
	moldLoc			= mill
	finish			= satin
	tags			= IncCounter PartNumber RecycleCode ModelNumber Country Date
	MicroFibers		= 3
	UVInhibiter		= 2
	Hydrophilic		= 2
	AntiBacterial	= 1
	packager		= ZipLock
	stuffer			= Foam
	address			= PLay Toys, 1234 5th st, Pastoria, IL 34556
	endOfOrder
  <>Unknown plastic |Nylon66| defaulting to 'ABS'.
  <>Size exceeds mold lifetime |400000| defaulting to MediumOrder of 50000.
  <>Unknown packager |ZipLock| defaulting to 'None'.
  Setup injection line for 50000 order:
    IJM_210 - Steel(1) - Linear conveyer belt - PalletBox.
  Process order:
    <>Unknown metal |steel| or finish |satin|. Defaulting to steel and smooth with HighCarbon platform.
    <>Unknown mold |dino| defaulting to 'duck'.
    Create duck mold from mill with 1 cavities - steps: D2C4G1.
      using HighCarbon tools (drill, cut, and high speed grind) to mill steel block into 1 duck shape with smooth finish.
Ignoring unknown tag IncCounter.
Ignoring unknown tag PartNumber.
Ignoring unknown tag RecycleCode.
    Insert tags [ModelNumber Country Date] of width 6/20 mm, blank tag is 14 mm.
    Load plastic bin with ABS and color bin with white.
      Recipe: ABS(27) white(3) UVInhibiter(2) AntiBacterial(1) Hydrophilic(2) = 35 cc.
      Volume: duck(35) * 1 cavity = 35 cc.
    Cycle IJM_210 for ABS 50000 times, estimated run time = 391 hours.
      Close - mix - heat to 440 - inject at 125 PSI - cool to 360 - separate - progressive eject.
      Whenever PalletBox package bin was full...
        IJM_210 paused while PalletBox package bin was swapped.
        Linear conveyer belt paused while PalletBox package bin was swapped.
    Clean ABS mold: soak in alcohol, rinse with water, dry.
~ABS
~LinearBelt ~ConveyerBelt ~observer::BinObserver
~Steel ~Mold
~IJM_210 ~IJM ~observer::BinObserver
~PalletBox ~PackageBin ~observer::BinSubject
 BinObservers left to process (should be zero) = 0.
~MediumOrder ~abstract_factory::InjectionLine
~Duck ~bridge::Shape ~HighCarbon ~bridge::Platform
~Inventory ~SisterCompany ~Mill ~CofR::GetMold ~CofR::GetMold ~CofR::GetMold ~CofR::GetMold 
~Hydrophilic ~Additive ~AntiBacterial ~Additive ~UVInhibiter ~Additive ~Plastic ~dec::Polymer ~dec::Polymer ~dec::Polymer ~dec::Polymer 
~Date ~Tags ~Country ~Tags ~ModelNumber ~Tags ~Blank ~dec::Cavity ~dec::Cavity ~dec::Cavity ~dec::Cavity 
~Historical ~strategy::RuntimeEstimate
~ABS ~legacy_classes::CleanABS ~adapter::CleanMold
~template_method::ProcessOrder


